<?xml version="1.0" encoding="UTF-8"?>
<testsuite name="partA18385273.ModuleTest" tests="15" skipped="0" failures="0" errors="0" timestamp="2021-11-05T17:52:26" hostname="MacBook-Air.local" time="0.024">
  <properties/>
  <testcase name="testGetId" classname="partA18385273.ModuleTest" time="0.002"/>
  <testcase name="testSetId" classname="partA18385273.ModuleTest" time="0.001"/>
  <testcase name="testSetStudents" classname="partA18385273.ModuleTest" time="0.0"/>
  <testcase name="testSetCourses" classname="partA18385273.ModuleTest" time="0.001"/>
  <testcase name="testGetStudents" classname="partA18385273.ModuleTest" time="0.0"/>
  <testcase name="testAddStudent" classname="partA18385273.ModuleTest" time="0.0"/>
  <testcase name="testGetName" classname="partA18385273.ModuleTest" time="0.0"/>
  <testcase name="testAddCourse" classname="partA18385273.ModuleTest" time="0.0"/>
  <testcase name="testRemoveCourseByLocation" classname="partA18385273.ModuleTest" time="0.0"/>
  <testcase name="testRemoveStudentByName" classname="partA18385273.ModuleTest" time="0.005"/>
  <testcase name="testGetCourses" classname="partA18385273.ModuleTest" time="0.0"/>
  <testcase name="testRemoveStudentByLocation" classname="partA18385273.ModuleTest" time="0.007"/>
  <testcase name="testSetName" classname="partA18385273.ModuleTest" time="0.001"/>
  <testcase name="testRemoveCourseByName" classname="partA18385273.ModuleTest" time="0.0"/>
  <testcase name="testRemoveStudentById" classname="partA18385273.ModuleTest" time="0.002"/>
  <system-out><![CDATA[]]></system-out>
  <system-err><![CDATA[]]></system-err>
</testsuite>
